#
# There is insufficient memory for the Java Runtime Environment to continue.
# Native memory allocation (malloc) failed to allocate 1048576 bytes. Error detail: AllocateHeap
# Possible reasons:
#   The system is out of physical RAM or swap space
#   This process is running with CompressedOops enabled, and the Java Heap may be blocking the growth of the native heap
# Possible solutions:
#   Reduce memory load on the system
#   Increase physical memory or swap space
#   Check if swap backing store is full
#   Decrease Java heap size (-Xmx/-Xms)
#   Decrease number of Java threads
#   Decrease Java thread stack sizes (-Xss)
#   Set larger code cache with -XX:ReservedCodeCacheSize=
#   JVM is running with Unscaled Compressed Oops mode in which the Java heap is
#     placed in the first 4GB address space. The Java Heap base address is the
#     maximum limit for the native heap growth. Please use -XX:HeapBaseMinAddress
#     to set the Java Heap base and to place the Java Heap above 4GB virtual address.
# This output file may be truncated or incomplete.
#
#  Out of Memory Error (allocation.cpp:44), pid=7592, tid=31932
#
# JRE version: OpenJDK Runtime Environment Temurin-21.0.9+10 (21.0.9+10) (build 21.0.9+10-LTS)
# Java VM: OpenJDK 64-Bit Server VM Temurin-21.0.9+10 (21.0.9+10-LTS, mixed mode, sharing, tiered, compressed oops, compressed class ptrs, parallel gc, windows-amd64)
# No core dump will be written. Minidumps are not enabled by default on client versions of Windows
#

---------------  S U M M A R Y ------------

Command Line: --add-modules=ALL-SYSTEM --add-opens=java.base/java.util=ALL-UNNAMED --add-opens=java.base/java.lang=ALL-UNNAMED --add-opens=java.base/sun.nio.fs=ALL-UNNAMED -Declipse.application=org.eclipse.jdt.ls.core.id1 -Dosgi.bundles.defaultStartLevel=4 -Declipse.product=org.eclipse.jdt.ls.core.product -Djava.import.generatesMetadataFilesAtProjectRoot=false -DDetectVMInstallationsJob.disabled=true -Dfile.encoding=utf8 -XX:+UseParallelGC -XX:GCTimeRatio=4 -XX:AdaptiveSizePolicyWeight=90 -Dsun.zip.disableMemoryMapping=true -Xmx2G -Xms100m -Xlog:disable -javaagent:c:\Users\Khanh\.vscode\extensions\redhat.java-1.51.0-win32-x64\lombok\lombok-1.18.39-4050.jar -XX:+HeapDumpOnOutOfMemoryError -XX:HeapDumpPath=c:\Users\Khanh\AppData\Roaming\Code\User\workspaceStorage\28f1a9b20033832c5e8c2e7cddda82f5\redhat.java -Daether.dependencyCollector.impl=bf c:\Users\Khanh\.vscode\extensions\redhat.java-1.51.0-win32-x64\server\plugins\org.eclipse.equinox.launcher_1.7.100.v20251111-0406.jar -configuration c:\Users\Khanh\AppData\Roaming\Code\User\globalStorage\redhat.java\1.51.0\config_win -data c:\Users\Khanh\AppData\Roaming\Code\User\workspaceStorage\28f1a9b20033832c5e8c2e7cddda82f5\redhat.java\jdt_ws --pipe=\\.\pipe\lsp-81ce06321cf73fc095f3ca22536e73a7-sock

Host: Intel(R) Core(TM) i7-7700HQ CPU @ 2.80GHz, 8 cores, 15G,  Windows 10 , 64 bit Build 19041 (10.0.19041.5438)
Time: Tue Jan 13 23:44:22 2026 SE Asia Standard Time elapsed time: 102617.897560 seconds (1d 4h 30m 17s)

---------------  T H R E A D  ---------------

Current thread (0x0000017fdb6d63d0):  JavaThread "Attach Listener" daemon [_thread_in_vm, id=31932, stack(0x0000000d27a00000,0x0000000d27b00000) (1024K)]

Stack: [0x0000000d27a00000,0x0000000d27b00000]
Native frames: (J=compiled Java code, j=interpreted, Vv=VM code, C=native code)
V  [jvm.dll+0x6d6e29]
V  [jvm.dll+0x8b4b76]
V  [jvm.dll+0x8b712e]
V  [jvm.dll+0x8b7813]
V  [jvm.dll+0x283d86]
V  [jvm.dll+0xc1277]
V  [jvm.dll+0x6d76d9]
V  [jvm.dll+0x133466]
V  [jvm.dll+0x3f7ea6]
V  [jvm.dll+0x85e9ad]
V  [jvm.dll+0x6d565d]
C  [ucrtbase.dll+0x21bb2]
C  [KERNEL32.DLL+0x17374]
C  [ntdll.dll+0x4cc91]


---------------  P R O C E S S  ---------------

Threads class SMR info:
_java_thread_list=0x0000017fe6b188f0, length=41, elements={
0x0000017fc4c688e0, 0x0000017fdb6d20e0, 0x0000017fdb6d3940, 0x0000017fdb6d54c0,
0x0000017fdb6d63d0, 0x0000017fdb6d8b80, 0x0000017fdb6da1c0, 0x0000017fdb6e06f0,
0x0000017fdb6fd5e0, 0x0000017fe11f4240, 0x0000017fe12eccb0, 0x0000017fe1ac2260,
0x0000017fe1ac1bd0, 0x0000017fe1ac28f0, 0x0000017fe1ac1540, 0x0000017fe22885d0,
0x0000017fe228d490, 0x0000017fe228db20, 0x0000017fe2289980, 0x0000017fe22878b0,
0x0000017fe228b3c0, 0x0000017fe228eed0, 0x0000017fe228ba50, 0x0000017fe2287f40,
0x0000017fe407ab30, 0x0000017fe4079780, 0x0000017fe407bee0, 0x0000017fe407a4a0,
0x0000017fe407b1c0, 0x0000017fe407c570, 0x0000017fe407cc00, 0x0000017fe407e640,
0x0000017fe5f082c0, 0x0000017fe5f0bdd0, 0x0000017fe5f0c460, 0x0000017fe3a6be20,
0x0000017fe157a190, 0x0000017fe15745b0, 0x0000017fe1574c40, 0x0000017fe5f0b740,
0x0000017fe3a689a0
}

Java Threads: ( => current thread )
  0x0000017fc4c688e0 JavaThread "main"                              [_thread_blocked, id=34200, stack(0x0000000d27300000,0x0000000d27400000) (1024K)]
  0x0000017fdb6d20e0 JavaThread "Reference Handler"          daemon [_thread_blocked, id=29456, stack(0x0000000d27700000,0x0000000d27800000) (1024K)]
  0x0000017fdb6d3940 JavaThread "Finalizer"                  daemon [_thread_blocked, id=10024, stack(0x0000000d27800000,0x0000000d27900000) (1024K)]
  0x0000017fdb6d54c0 JavaThread "Signal Dispatcher"          daemon [_thread_blocked, id=2924, stack(0x0000000d27900000,0x0000000d27a00000) (1024K)]
=>0x0000017fdb6d63d0 JavaThread "Attach Listener"            daemon [_thread_in_vm, id=31932, stack(0x0000000d27a00000,0x0000000d27b00000) (1024K)]
  0x0000017fdb6d8b80 JavaThread "Service Thread"             daemon [_thread_blocked, id=21252, stack(0x0000000d27b00000,0x0000000d27c00000) (1024K)]
  0x0000017fdb6da1c0 JavaThread "Monitor Deflation Thread"   daemon [_thread_blocked, id=14460, stack(0x0000000d27c00000,0x0000000d27d00000) (1024K)]
  0x0000017fdb6e06f0 JavaThread "C2 CompilerThread0"         daemon [_thread_blocked, id=21384, stack(0x0000000d27d00000,0x0000000d27e00000) (1024K)]
  0x0000017fdb6fd5e0 JavaThread "C1 CompilerThread0"         daemon [_thread_blocked, id=13824, stack(0x0000000d27e00000,0x0000000d27f00000) (1024K)]
  0x0000017fe11f4240 JavaThread "Common-Cleaner"             daemon [_thread_blocked, id=18324, stack(0x0000000d28000000,0x0000000d28100000) (1024K)]
  0x0000017fe12eccb0 JavaThread "Notification Thread"        daemon [_thread_blocked, id=152, stack(0x0000000d27f00000,0x0000000d28000000) (1024K)]
  0x0000017fe1ac2260 JavaThread "Active Thread: Equinox Container: 4d879979-6667-4f9f-88ed-e5efee38804e"        [_thread_blocked, id=11536, stack(0x0000000d28300000,0x0000000d28400000) (1024K)]
  0x0000017fe1ac1bd0 JavaThread "Framework Event Dispatcher: Equinox Container: 4d879979-6667-4f9f-88ed-e5efee38804e" daemon [_thread_blocked, id=10988, stack(0x0000000d29000000,0x0000000d29100000) (1024K)]
  0x0000017fe1ac28f0 JavaThread "Start Level: Equinox Container: 4d879979-6667-4f9f-88ed-e5efee38804e" daemon [_thread_blocked, id=15844, stack(0x0000000d29100000,0x0000000d29200000) (1024K)]
  0x0000017fe1ac1540 JavaThread "Bundle File Closer"         daemon [_thread_blocked, id=9248, stack(0x0000000d29300000,0x0000000d29400000) (1024K)]
  0x0000017fe22885d0 JavaThread "Refresh Thread: Equinox Container: 4d879979-6667-4f9f-88ed-e5efee38804e" daemon [_thread_blocked, id=5260, stack(0x0000000d29400000,0x0000000d29500000) (1024K)]
  0x0000017fe228d490 JavaThread "SCR Component Actor"        daemon [_thread_blocked, id=27132, stack(0x0000000d29500000,0x0000000d29600000) (1024K)]
  0x0000017fe228db20 JavaThread "Worker-JM"                         [_thread_blocked, id=12476, stack(0x0000000d29800000,0x0000000d29900000) (1024K)]
  0x0000017fe2289980 JavaThread "Java indexing"              daemon [_thread_blocked, id=18604, stack(0x0000000d29e00000,0x0000000d29f00000) (1024K)]
  0x0000017fe22878b0 JavaThread "JNA Cleaner"                daemon [_thread_blocked, id=30080, stack(0x0000000d29f00000,0x0000000d2a000000) (1024K)]
  0x0000017fe228b3c0 JavaThread "Thread-1"                   daemon [_thread_in_native, id=7844, stack(0x0000000d2a200000,0x0000000d2a300000) (1024K)]
  0x0000017fe228eed0 JavaThread "Thread-2"                   daemon [_thread_in_native, id=30088, stack(0x0000000d2a300000,0x0000000d2a400000) (1024K)]
  0x0000017fe228ba50 JavaThread "Thread-3"                   daemon [_thread_in_native, id=32432, stack(0x0000000d2a400000,0x0000000d2a500000) (1024K)]
  0x0000017fe2287f40 JavaThread "Thread-4"                   daemon [_thread_in_native, id=18672, stack(0x0000000d2a500000,0x0000000d2a600000) (1024K)]
  0x0000017fe407ab30 JavaThread "Thread-5"                   daemon [_thread_in_native, id=13252, stack(0x0000000d2a600000,0x0000000d2a700000) (1024K)]
  0x0000017fe4079780 JavaThread "Thread-6"                   daemon [_thread_in_native, id=32420, stack(0x0000000d2a700000,0x0000000d2a800000) (1024K)]
  0x0000017fe407bee0 JavaThread "Thread-7"                   daemon [_thread_in_native, id=27816, stack(0x0000000d2a800000,0x0000000d2a900000) (1024K)]
  0x0000017fe407a4a0 JavaThread "Thread-8"                   daemon [_thread_in_native, id=28112, stack(0x0000000d2a900000,0x0000000d2aa00000) (1024K)]
  0x0000017fe407b1c0 JavaThread "Thread-9"                   daemon [_thread_in_native, id=34704, stack(0x0000000d2aa00000,0x0000000d2ab00000) (1024K)]
  0x0000017fe407c570 JavaThread "pool-2-thread-1"                   [_thread_blocked, id=15612, stack(0x0000000d2ab00000,0x0000000d2ac00000) (1024K)]
  0x0000017fe407cc00 JavaThread "WorkspaceEventsHandler"            [_thread_blocked, id=30880, stack(0x0000000d2ad00000,0x0000000d2ae00000) (1024K)]
  0x0000017fe407e640 JavaThread "pool-1-thread-1"                   [_thread_blocked, id=34716, stack(0x0000000d2ae00000,0x0000000d2af00000) (1024K)]
  0x0000017fe5f082c0 JavaThread "Cleaner-0"                  daemon [_thread_blocked, id=32208, stack(0x0000000d2c000000,0x0000000d2c100000) (1024K)]
  0x0000017fe5f0bdd0 JavaThread "Java Debug Server"          daemon [_thread_in_native, id=29748, stack(0x0000000d27100000,0x0000000d27200000) (1024K)]
  0x0000017fe5f0c460 JavaThread "RxSchedulerPurge-1"         daemon [_thread_blocked, id=27364, stack(0x0000000d2c400000,0x0000000d2c500000) (1024K)]
  0x0000017fe3a6be20 JavaThread "RxCachedWorkerPoolEvictor-1" daemon [_thread_blocked, id=25896, stack(0x0000000d2c500000,0x0000000d2c600000) (1024K)]
  0x0000017fe157a190 JavaThread "pool-9-thread-4"                   [_thread_in_native, id=13340, stack(0x0000000d28b00000,0x0000000d28c00000) (1024K)]
  0x0000017fe15745b0 JavaThread "RxNewThreadScheduler-7"     daemon [_thread_blocked, id=32652, stack(0x0000000d28f00000,0x0000000d29000000) (1024K)]
  0x0000017fe1574c40 JavaThread "process reaper (pid 33780)" daemon [_thread_in_native, id=25056, stack(0x0000000d29600000,0x0000000d29620000) (128K)]
  0x0000017fe5f0b740 JavaThread "Worker-56"                         [_thread_blocked, id=15400, stack(0x0000000d2b300000,0x0000000d2b400000) (1024K)]
  0x0000017fe3a689a0 JavaThread "Worker-65"                         [_thread_blocked, id=20636, stack(0x0000000d2ac00000,0x0000000d2ad00000) (1024K)]
Total: 41

Other Threads:
  0x0000017fdb6c14f0 VMThread "VM Thread"                           [id=27112, stack(0x0000000d27600000,0x0000000d27700000) (1024K)]
  0x0000017fc4cd4990 WatcherThread "VM Periodic Task Thread"        [id=15732, stack(0x0000000d27500000,0x0000000d27600000) (1024K)]
  0x0000017fc4c879e0 WorkerThread "GC Thread#0"                     [id=31980, stack(0x0000000d27400000,0x0000000d27500000) (1024K)]
  0x0000017fe1bf9180 WorkerThread "GC Thread#1"                     [id=21572, stack(0x0000000d28400000,0x0000000d28500000) (1024K)]
  0x0000017fe1adac20 WorkerThread "GC Thread#2"                     [id=18652, stack(0x0000000d28500000,0x0000000d28600000) (1024K)]
  0x0000017fe14d6400 WorkerThread "GC Thread#3"                     [id=30092, stack(0x0000000d28600000,0x0000000d28700000) (1024K)]
  0x0000017fe14d67a0 WorkerThread "GC Thread#4"                     [id=4560, stack(0x0000000d28700000,0x0000000d28800000) (1024K)]
  0x0000017fe1741070 WorkerThread "GC Thread#5"                     [id=13284, stack(0x0000000d28800000,0x0000000d28900000) (1024K)]
  0x0000017fe1741410 WorkerThread "GC Thread#6"                     [id=15384, stack(0x0000000d28900000,0x0000000d28a00000) (1024K)]
  0x0000017fe1474ed0 WorkerThread "GC Thread#7"                     [id=16752, stack(0x0000000d29200000,0x0000000d29300000) (1024K)]
Total: 10

Threads with active compile tasks:
Total: 0

VM state: not at safepoint (normal execution)

VM Mutex/Monitor currently owned by a thread: None

Heap address: 0x0000000080000000, size: 2048 MB, Compressed Oops mode: 32-bit

CDS archive(s) mapped at: [0x0000017f80000000-0x0000017f80ba0000-0x0000017f80ba0000), size 12189696, SharedBaseAddress: 0x0000017f80000000, ArchiveRelocationMode: 1.
Compressed class space mapped at: 0x0000017f81000000-0x0000017fc1000000, reserved size: 1073741824
Narrow klass base: 0x0000017f80000000, Narrow klass shift: 0, Narrow klass range: 0x100000000

GC Precious Log:
 CardTable entry size: 512
 CPUs: 8 total, 8 available
 Memory: 16245M
 Large Page Support: Disabled
 NUMA Support: Disabled
 Compressed Oops: Enabled (32-bit)
 Alignments: Space 512K, Generation 512K, Heap 2M
 Heap Min Capacity: 100M
 Heap Initial Capacity: 100M
 Heap Max Capacity: 2G
 Pre-touch: Disabled
 Parallel Workers: 8

Heap:
 PSYoungGen      total 3072K, used 2397K [0x00000000d5580000, 0x00000000d5a00000, 0x0000000100000000)
  eden space 2560K, 87% used [0x00000000d5580000,0x00000000d57af620,0x00000000d5800000)
  from space 512K, 31% used [0x00000000d5980000,0x00000000d59a8000,0x00000000d5a00000)
  to   space 512K, 0% used [0x00000000d5900000,0x00000000d5900000,0x00000000d5980000)
 ParOldGen       total 1176064K, used 1175964K [0x0000000080000000, 0x00000000c7c80000, 0x00000000d5580000)
  object space 1176064K, 99% used [0x0000000080000000,0x00000000c7c673f8,0x00000000c7c80000)
 Metaspace       used 110493K, committed 112384K, reserved 1179648K
  class space    used 11030K, committed 11904K, reserved 1048576K

Card table byte_map: [0x0000017fc4610000,0x0000017fc4a20000] _byte_map_base: 0x0000017fc4210000

Marking Bits: (ParMarkBitMap*) 0x00007ffbcba42460
 Begin Bits: [0x0000017fd7120000, 0x0000017fd9120000)
 End Bits:   [0x0000017fd9120000, 0x0000017fdb120000)

Polling page: 0x0000017fc2a30000

Metaspace:

Usage:
  Non-class:     97.13 MB used.
      Class:     10.77 MB used.
       Both:    107.90 MB used.

Virtual space:
  Non-class space:      128.00 MB reserved,      98.12 MB ( 77%) committed,  2 nodes.
      Class space:        1.00 GB reserved,      11.62 MB (  1%) committed,  1 nodes.
             Both:        1.12 GB reserved,     109.75 MB ( 10%) committed. 

Chunk freelists:
   Non-Class:  13.87 MB
       Class:  4.20 MB
        Both:  18.07 MB

MaxMetaspaceSize: unlimited
CompressedClassSpaceSize: 1.00 GB
Initial GC threshold: 21.00 MB
Current GC threshold: 181.38 MB
CDS: on
 - commit_granule_bytes: 65536.
 - commit_granule_words: 8192.
 - virtual_space_node_default_size: 8388608.
 - enlarge_chunks_in_place: 1.
 - use_allocation_guard: 0.


Internal statistics:

num_allocs_failed_limit: 13.
num_arena_births: 2546.
num_arena_deaths: 794.
num_vsnodes_births: 3.
num_vsnodes_deaths: 0.
num_space_committed: 1760.
num_space_uncommitted: 4.
num_chunks_returned_to_freelist: 1024.
num_chunks_taken_from_freelist: 8688.
num_chunk_merges: 270.
num_chunk_splits: 4784.
num_chunks_enlarged: 2507.
num_inconsistent_stats: 0.

CodeHeap 'non-profiled nmethods': size=120000Kb used=28233Kb max_used=32231Kb free=91766Kb
 bounds [0x0000017fcf940000, 0x0000017fd18c0000, 0x0000017fd6e70000]
CodeHeap 'profiled nmethods': size=120000Kb used=36177Kb max_used=59172Kb free=83822Kb
 bounds [0x0000017fc7e70000, 0x0000017fcb860000, 0x0000017fcf3a0000]
CodeHeap 'non-nmethods': size=5760Kb used=1572Kb max_used=1735Kb free=4187Kb
 bounds [0x0000017fcf3a0000, 0x0000017fcf610000, 0x0000017fcf940000]
CodeCache: size=245760Kb, used=65982Kb, max_used=93138Kb, free=179775Kb
 total_blobs=16839, nmethods=15939, adapters=797, full_count=0
Compilation: enabled, stopped_count=0, restarted_count=0

Compilation events (20 events):
Event: 96318.199 Thread 0x0000017fdb6fd5e0 36855       3       java.io.ObjectOutputStream::writeNonProxyDesc (109 bytes)
Event: 96318.200 Thread 0x0000017fdb6fd5e0 nmethod 36855 0x0000017fc87b5190 code [0x0000017fc87b5480, 0x0000017fc87b6268]
Event: 96318.200 Thread 0x0000017fdb6fd5e0 36856       3       java.io.ObjectOutputStream$BlockDataOutputStream::writeLong (48 bytes)
Event: 96318.200 Thread 0x0000017fdb6e06f0 36857       4       com.sun.org.apache.xerces.internal.dom.AttrImpl::getValue (176 bytes)
Event: 96318.200 Thread 0x0000017fdb6fd5e0 nmethod 36856 0x0000017fc9673b90 code [0x0000017fc9673d80, 0x0000017fc9674190]
Event: 96318.201 Thread 0x0000017fdb6fd5e0 36858       3       java.lang.Thread$ThreadIdentifiers::next (12 bytes)
Event: 96318.201 Thread 0x0000017fdb6fd5e0 nmethod 36858 0x0000017fc85dda10 code [0x0000017fc85ddba0, 0x0000017fc85ddcb0]
Event: 96318.204 Thread 0x0000017fdb6fd5e0 36859       3       org.eclipse.core.internal.dtree.DataDeltaNode::simplifyWithParent (71 bytes)
Event: 96318.205 Thread 0x0000017fdb6fd5e0 nmethod 36859 0x0000017fc87ef690 code [0x0000017fc87ef8c0, 0x0000017fc87f0030]
Event: 96318.205 Thread 0x0000017fdb6fd5e0 36860       3       org.eclipse.core.runtime.Path::addFileExtension (76 bytes)
Event: 96318.206 Thread 0x0000017fdb6fd5e0 nmethod 36860 0x0000017fcabfa690 code [0x0000017fcabfaae0, 0x0000017fcabfd008]
Event: 96318.207 Thread 0x0000017fdb6fd5e0 36861       1       org.eclipse.core.internal.resources.MarkerInfo::getCreationTime (5 bytes)
Event: 96318.207 Thread 0x0000017fdb6fd5e0 nmethod 36861 0x0000017fcff35b10 code [0x0000017fcff35ca0, 0x0000017fcff35d68]
Event: 96318.210 Thread 0x0000017fdb6e06f0 nmethod 36857 0x0000017fcfb8bf10 code [0x0000017fcfb8c140, 0x0000017fcfb8cad0]
Event: 96318.343 Thread 0x0000017fdb6fd5e0 36862   !   3       java.util.Collections$SynchronizedCollection::toArray (24 bytes)
Event: 96318.343 Thread 0x0000017fdb6fd5e0 nmethod 36862 0x0000017fc92de590 code [0x0000017fc92de740, 0x0000017fc92dea08]
Event: 99836.889 Thread 0x0000017fdb6e06f0 36863       4       java.util.concurrent.ScheduledThreadPoolExecutor$DelayedWorkQueue::take (5 bytes)
Event: 99836.905 Thread 0x0000017fdb6e06f0 nmethod 36863 0x0000017fd0867010 code [0x0000017fd08672a0, 0x0000017fd0867b50]
Event: 100410.885 Thread 0x0000017fdb6e06f0 36864   !   4       java.util.concurrent.ThreadPoolExecutor::getTask (177 bytes)
Event: 100410.961 Thread 0x0000017fdb6e06f0 nmethod 36864 0x0000017fd0472710 code [0x0000017fd0472c20, 0x0000017fd0474c58]

GC Heap History (20 events):
Event: 96195.845 GC heap before
{Heap before GC invocations=7406 (full 12):
 PSYoungGen      total 4096K, used 4093K [0x00000000d5580000, 0x00000000d5f80000, 0x0000000100000000)
  eden space 3072K, 99% used [0x00000000d5580000,0x00000000d587fff0,0x00000000d5880000)
  from space 1024K, 99% used [0x00000000d5b80000,0x00000000d5c7f780,0x00000000d5c80000)
  to   space 3072K, 0% used [0x00000000d5880000,0x00000000d5880000,0x00000000d5b80000)
 ParOldGen       total 1167360K, used 1166947K [0x0000000080000000, 0x00000000c7400000, 0x00000000d5580000)
  object space 1167360K, 99% used [0x0000000080000000,0x00000000c7398eb8,0x00000000c7400000)
 Metaspace       used 110491K, committed 112384K, reserved 1179648K
  class space    used 11030K, committed 11904K, reserved 1048576K
}
Event: 96195.848 GC heap after
{Heap after GC invocations=7406 (full 12):
 PSYoungGen      total 4096K, used 940K [0x00000000d5580000, 0x00000000d5c80000, 0x0000000100000000)
  eden space 3072K, 0% used [0x00000000d5580000,0x00000000d5580000,0x00000000d5880000)
  from space 1024K, 91% used [0x00000000d5880000,0x00000000d596b010,0x00000000d5980000)
  to   space 2048K, 0% used [0x00000000d5a80000,0x00000000d5a80000,0x00000000d5c80000)
 ParOldGen       total 1167872K, used 1167469K [0x0000000080000000, 0x00000000c7480000, 0x00000000d5580000)
  object space 1167872K, 99% used [0x0000000080000000,0x00000000c741b490,0x00000000c7480000)
 Metaspace       used 110491K, committed 112384K, reserved 1179648K
  class space    used 11030K, committed 11904K, reserved 1048576K
}
Event: 96195.856 GC heap before
{Heap before GC invocations=7407 (full 12):
 PSYoungGen      total 4096K, used 4012K [0x00000000d5580000, 0x00000000d5c80000, 0x0000000100000000)
  eden space 3072K, 100% used [0x00000000d5580000,0x00000000d5880000,0x00000000d5880000)
  from space 1024K, 91% used [0x00000000d5880000,0x00000000d596b010,0x00000000d5980000)
  to   space 2048K, 0% used [0x00000000d5a80000,0x00000000d5a80000,0x00000000d5c80000)
 ParOldGen       total 1167872K, used 1167469K [0x0000000080000000, 0x00000000c7480000, 0x00000000d5580000)
  object space 1167872K, 99% used [0x0000000080000000,0x00000000c741b490,0x00000000c7480000)
 Metaspace       used 110491K, committed 112384K, reserved 1179648K
  class space    used 11030K, committed 11904K, reserved 1048576K
}
Event: 96195.859 GC heap after
{Heap after GC invocations=7407 (full 12):
 PSYoungGen      total 3584K, used 250K [0x00000000d5580000, 0x00000000d5b00000, 0x0000000100000000)
  eden space 3072K, 0% used [0x00000000d5580000,0x00000000d5580000,0x00000000d5880000)
  from space 512K, 48% used [0x00000000d5a80000,0x00000000d5abe900,0x00000000d5b00000)
  to   space 1024K, 0% used [0x00000000d5900000,0x00000000d5900000,0x00000000d5a00000)
 ParOldGen       total 1167872K, used 1167477K [0x0000000080000000, 0x00000000c7480000, 0x00000000d5580000)
  object space 1167872K, 99% used [0x0000000080000000,0x00000000c741d490,0x00000000c7480000)
 Metaspace       used 110491K, committed 112384K, reserved 1179648K
  class space    used 11030K, committed 11904K, reserved 1048576K
}
Event: 96195.866 GC heap before
{Heap before GC invocations=7408 (full 12):
 PSYoungGen      total 3584K, used 3322K [0x00000000d5580000, 0x00000000d5b00000, 0x0000000100000000)
  eden space 3072K, 99% used [0x00000000d5580000,0x00000000d587ff20,0x00000000d5880000)
  from space 512K, 48% used [0x00000000d5a80000,0x00000000d5abe900,0x00000000d5b00000)
  to   space 1024K, 0% used [0x00000000d5900000,0x00000000d5900000,0x00000000d5a00000)
 ParOldGen       total 1167872K, used 1167477K [0x0000000080000000, 0x00000000c7480000, 0x00000000d5580000)
  object space 1167872K, 99% used [0x0000000080000000,0x00000000c741d490,0x00000000c7480000)
 Metaspace       used 110491K, committed 112384K, reserved 1179648K
  class space    used 11030K, committed 11904K, reserved 1048576K
}
Event: 96195.867 GC heap after
{Heap after GC invocations=7408 (full 12):
 PSYoungGen      total 4096K, used 736K [0x00000000d5580000, 0x00000000d5b00000, 0x0000000100000000)
  eden space 3072K, 0% used [0x00000000d5580000,0x00000000d5580000,0x00000000d5880000)
  from space 1024K, 71% used [0x00000000d5900000,0x00000000d59b8000,0x00000000d5a00000)
  to   space 1024K, 0% used [0x00000000d5a00000,0x00000000d5a00000,0x00000000d5b00000)
 ParOldGen       total 1167872K, used 1167593K [0x0000000080000000, 0x00000000c7480000, 0x00000000d5580000)
  object space 1167872K, 99% used [0x0000000080000000,0x00000000c743a690,0x00000000c7480000)
 Metaspace       used 110491K, committed 112384K, reserved 1179648K
  class space    used 11030K, committed 11904K, reserved 1048576K
}
Event: 96195.873 GC heap before
{Heap before GC invocations=7409 (full 12):
 PSYoungGen      total 4096K, used 3808K [0x00000000d5580000, 0x00000000d5b00000, 0x0000000100000000)
  eden space 3072K, 100% used [0x00000000d5580000,0x00000000d5880000,0x00000000d5880000)
  from space 1024K, 71% used [0x00000000d5900000,0x00000000d59b8000,0x00000000d5a00000)
  to   space 1024K, 0% used [0x00000000d5a00000,0x00000000d5a00000,0x00000000d5b00000)
 ParOldGen       total 1167872K, used 1167593K [0x0000000080000000, 0x00000000c7480000, 0x00000000d5580000)
  object space 1167872K, 99% used [0x0000000080000000,0x00000000c743a690,0x00000000c7480000)
 Metaspace       used 110491K, committed 112384K, reserved 1179648K
  class space    used 11030K, committed 11904K, reserved 1048576K
}
Event: 96195.875 GC heap after
{Heap after GC invocations=7409 (full 12):
 PSYoungGen      total 2048K, used 1004K [0x00000000d5580000, 0x00000000d6080000, 0x0000000100000000)
  eden space 1024K, 0% used [0x00000000d5580000,0x00000000d5580000,0x00000000d5680000)
  from space 1024K, 98% used [0x00000000d5a00000,0x00000000d5afb010,0x00000000d5b00000)
  to   space 3584K, 0% used [0x00000000d5680000,0x00000000d5680000,0x00000000d5a00000)
 ParOldGen       total 1169408K, used 1169353K [0x0000000080000000, 0x00000000c7600000, 0x00000000d5580000)
  object space 1169408K, 99% used [0x0000000080000000,0x00000000c75f24f8,0x00000000c7600000)
 Metaspace       used 110491K, committed 112384K, reserved 1179648K
  class space    used 11030K, committed 11904K, reserved 1048576K
}
Event: 96195.878 GC heap before
{Heap before GC invocations=7410 (full 12):
 PSYoungGen      total 2048K, used 2028K [0x00000000d5580000, 0x00000000d6080000, 0x0000000100000000)
  eden space 1024K, 100% used [0x00000000d5580000,0x00000000d5680000,0x00000000d5680000)
  from space 1024K, 98% used [0x00000000d5a00000,0x00000000d5afb010,0x00000000d5b00000)
  to   space 3584K, 0% used [0x00000000d5680000,0x00000000d5680000,0x00000000d5a00000)
 ParOldGen       total 1169408K, used 1169353K [0x0000000080000000, 0x00000000c7600000, 0x00000000d5580000)
  object space 1169408K, 99% used [0x0000000080000000,0x00000000c75f24f8,0x00000000c7600000)
 Metaspace       used 110491K, committed 112384K, reserved 1179648K
  class space    used 11030K, committed 11904K, reserved 1048576K
}
Event: 96195.880 GC heap after
{Heap after GC invocations=7410 (full 12):
 PSYoungGen      total 2560K, used 1088K [0x00000000d5580000, 0x00000000d5b00000, 0x0000000100000000)
  eden space 1024K, 0% used [0x00000000d5580000,0x00000000d5580000,0x00000000d5680000)
  from space 1536K, 70% used [0x00000000d5680000,0x00000000d5790000,0x00000000d5800000)
  to   space 2048K, 0% used [0x00000000d5900000,0x00000000d5900000,0x00000000d5b00000)
 ParOldGen       total 1170432K, used 1170416K [0x0000000080000000, 0x00000000c7700000, 0x00000000d5580000)
  object space 1170432K, 99% used [0x0000000080000000,0x00000000c76fc3e8,0x00000000c7700000)
 Metaspace       used 110491K, committed 112384K, reserved 1179648K
  class space    used 11030K, committed 11904K, reserved 1048576K
}
Event: 96195.885 GC heap before
{Heap before GC invocations=7411 (full 12):
 PSYoungGen      total 2560K, used 2028K [0x00000000d5580000, 0x00000000d5b00000, 0x0000000100000000)
  eden space 1024K, 91% used [0x00000000d5580000,0x00000000d566b2c8,0x00000000d5680000)
  from space 1536K, 70% used [0x00000000d5680000,0x00000000d5790000,0x00000000d5800000)
  to   space 2048K, 0% used [0x00000000d5900000,0x00000000d5900000,0x00000000d5b00000)
 ParOldGen       total 1170432K, used 1170416K [0x0000000080000000, 0x00000000c7700000, 0x00000000d5580000)
  object space 1170432K, 99% used [0x0000000080000000,0x00000000c76fc3e8,0x00000000c7700000)
 Metaspace       used 110491K, committed 112384K, reserved 1179648K
  class space    used 11030K, committed 11904K, reserved 1048576K
}
Event: 96195.887 GC heap after
{Heap after GC invocations=7411 (full 12):
 PSYoungGen      total 2560K, used 800K [0x00000000d5580000, 0x00000000d5a00000, 0x0000000100000000)
  eden space 1536K, 0% used [0x00000000d5580000,0x00000000d5580000,0x00000000d5700000)
  from space 1024K, 78% used [0x00000000d5900000,0x00000000d59c8000,0x00000000d5a00000)
  to   space 1024K, 0% used [0x00000000d5800000,0x00000000d5800000,0x00000000d5900000)
 ParOldGen       total 1171456K, used 1171448K [0x0000000080000000, 0x00000000c7800000, 0x00000000d5580000)
  object space 1171456K, 99% used [0x0000000080000000,0x00000000c77fe3e8,0x00000000c7800000)
 Metaspace       used 110491K, committed 112384K, reserved 1179648K
  class space    used 11030K, committed 11904K, reserved 1048576K
}
Event: 96195.889 GC heap before
{Heap before GC invocations=7412 (full 12):
 PSYoungGen      total 2560K, used 2336K [0x00000000d5580000, 0x00000000d5a00000, 0x0000000100000000)
  eden space 1536K, 100% used [0x00000000d5580000,0x00000000d5700000,0x00000000d5700000)
  from space 1024K, 78% used [0x00000000d5900000,0x00000000d59c8000,0x00000000d5a00000)
  to   space 1024K, 0% used [0x00000000d5800000,0x00000000d5800000,0x00000000d5900000)
 ParOldGen       total 1171456K, used 1171448K [0x0000000080000000, 0x00000000c7800000, 0x00000000d5580000)
  object space 1171456K, 99% used [0x0000000080000000,0x00000000c77fe3e8,0x00000000c7800000)
 Metaspace       used 110491K, committed 112384K, reserved 1179648K
  class space    used 11030K, committed 11904K, reserved 1048576K
}
Event: 96195.893 GC heap after
{Heap after GC invocations=7412 (full 12):
 PSYoungGen      total 3072K, used 1004K [0x00000000d5580000, 0x00000000d5c80000, 0x0000000100000000)
  eden space 2048K, 0% used [0x00000000d5580000,0x00000000d5580000,0x00000000d5780000)
  from space 1024K, 98% used [0x00000000d5800000,0x00000000d58fb010,0x00000000d5900000)
  to   space 2560K, 0% used [0x00000000d5a00000,0x00000000d5a00000,0x00000000d5c80000)
 ParOldGen       total 1172480K, used 1172424K [0x0000000080000000, 0x00000000c7900000, 0x00000000d5580000)
  object space 1172480K, 99% used [0x0000000080000000,0x00000000c78f23e8,0x00000000c7900000)
 Metaspace       used 110491K, committed 112384K, reserved 1179648K
  class space    used 11030K, committed 11904K, reserved 1048576K
}
Event: 96195.897 GC heap before
{Heap before GC invocations=7413 (full 12):
 PSYoungGen      total 3072K, used 3052K [0x00000000d5580000, 0x00000000d5c80000, 0x0000000100000000)
  eden space 2048K, 99% used [0x00000000d5580000,0x00000000d577fff0,0x00000000d5780000)
  from space 1024K, 98% used [0x00000000d5800000,0x00000000d58fb010,0x00000000d5900000)
  to   space 2560K, 0% used [0x00000000d5a00000,0x00000000d5a00000,0x00000000d5c80000)
 ParOldGen       total 1172480K, used 1172424K [0x0000000080000000, 0x00000000c7900000, 0x00000000d5580000)
  object space 1172480K, 99% used [0x0000000080000000,0x00000000c78f23e8,0x00000000c7900000)
 Metaspace       used 110491K, committed 112384K, reserved 1179648K
  class space    used 11030K, committed 11904K, reserved 1048576K
}
Event: 96195.900 GC heap after
{Heap after GC invocations=7413 (full 12):
 PSYoungGen      total 4608K, used 2048K [0x00000000d5580000, 0x00000000d5d00000, 0x0000000100000000)
  eden space 2048K, 0% used [0x00000000d5580000,0x00000000d5580000,0x00000000d5780000)
  from space 2560K, 80% used [0x00000000d5a00000,0x00000000d5c00000,0x00000000d5c80000)
  to   space 2560K, 0% used [0x00000000d5780000,0x00000000d5780000,0x00000000d5a00000)
 ParOldGen       total 1173504K, used 1173468K [0x0000000080000000, 0x00000000c7a00000, 0x00000000d5580000)
  object space 1173504K, 99% used [0x0000000080000000,0x00000000c79f73f8,0x00000000c7a00000)
 Metaspace       used 110491K, committed 112384K, reserved 1179648K
  class space    used 11030K, committed 11904K, reserved 1048576K
}
Event: 96318.332 GC heap before
{Heap before GC invocations=7414 (full 12):
 PSYoungGen      total 4608K, used 4096K [0x00000000d5580000, 0x00000000d5d00000, 0x0000000100000000)
  eden space 2048K, 100% used [0x00000000d5580000,0x00000000d5780000,0x00000000d5780000)
  from space 2560K, 80% used [0x00000000d5a00000,0x00000000d5c00000,0x00000000d5c80000)
  to   space 2560K, 0% used [0x00000000d5780000,0x00000000d5780000,0x00000000d5a00000)
 ParOldGen       total 1173504K, used 1173468K [0x0000000080000000, 0x00000000c7a00000, 0x00000000d5580000)
  object space 1173504K, 99% used [0x0000000080000000,0x00000000c79f73f8,0x00000000c7a00000)
 Metaspace       used 110492K, committed 112384K, reserved 1179648K
  class space    used 11030K, committed 11904K, reserved 1048576K
}
Event: 96318.335 GC heap after
{Heap after GC invocations=7414 (full 12):
 PSYoungGen      total 3072K, used 672K [0x00000000d5580000, 0x00000000d5b00000, 0x0000000100000000)
  eden space 2048K, 0% used [0x00000000d5580000,0x00000000d5580000,0x00000000d5780000)
  from space 1024K, 65% used [0x00000000d5780000,0x00000000d5828000,0x00000000d5880000)
  to   space 1536K, 0% used [0x00000000d5980000,0x00000000d5980000,0x00000000d5b00000)
 ParOldGen       total 1175552K, used 1175476K [0x0000000080000000, 0x00000000c7c00000, 0x00000000d5580000)
  object space 1175552K, 99% used [0x0000000080000000,0x00000000c7bed3f8,0x00000000c7c00000)
 Metaspace       used 110492K, committed 112384K, reserved 1179648K
  class space    used 11030K, committed 11904K, reserved 1048576K
}
Event: 98308.890 GC heap before
{Heap before GC invocations=7415 (full 12):
 PSYoungGen      total 3072K, used 2719K [0x00000000d5580000, 0x00000000d5b00000, 0x0000000100000000)
  eden space 2048K, 99% used [0x00000000d5580000,0x00000000d577fff8,0x00000000d5780000)
  from space 1024K, 65% used [0x00000000d5780000,0x00000000d5828000,0x00000000d5880000)
  to   space 1536K, 0% used [0x00000000d5980000,0x00000000d5980000,0x00000000d5b00000)
 ParOldGen       total 1175552K, used 1175476K [0x0000000080000000, 0x00000000c7c00000, 0x00000000d5580000)
  object space 1175552K, 99% used [0x0000000080000000,0x00000000c7bed3f8,0x00000000c7c00000)
 Metaspace       used 110493K, committed 112384K, reserved 1179648K
  class space    used 11030K, committed 11904K, reserved 1048576K
}
Event: 98308.896 GC heap after
{Heap after GC invocations=7415 (full 12):
 PSYoungGen      total 3072K, used 160K [0x00000000d5580000, 0x00000000d5a00000, 0x0000000100000000)
  eden space 2560K, 0% used [0x00000000d5580000,0x00000000d5580000,0x00000000d5800000)
  from space 512K, 31% used [0x00000000d5980000,0x00000000d59a8000,0x00000000d5a00000)
  to   space 512K, 0% used [0x00000000d5900000,0x00000000d5900000,0x00000000d5980000)
 ParOldGen       total 1176064K, used 1175964K [0x0000000080000000, 0x00000000c7c80000, 0x00000000d5580000)
  object space 1176064K, 99% used [0x0000000080000000,0x00000000c7c673f8,0x00000000c7c80000)
 Metaspace       used 110493K, committed 112384K, reserved 1179648K
  class space    used 11030K, committed 11904K, reserved 1048576K
}

Dll operation events (14 events):
Event: 0.016 Loaded shared library c:\Users\Khanh\.vscode\extensions\redhat.java-1.51.0-win32-x64\jre\21.0.9-win32-x86_64\bin\java.dll
Event: 0.148 Loaded shared library c:\Users\Khanh\.vscode\extensions\redhat.java-1.51.0-win32-x64\jre\21.0.9-win32-x86_64\bin\zip.dll
Event: 0.211 Loaded shared library C:\Users\Khanh\.vscode\extensions\redhat.java-1.51.0-win32-x64\jre\21.0.9-win32-x86_64\bin\instrument.dll
Event: 0.218 Loaded shared library C:\Users\Khanh\.vscode\extensions\redhat.java-1.51.0-win32-x64\jre\21.0.9-win32-x86_64\bin\net.dll
Event: 0.221 Loaded shared library C:\Users\Khanh\.vscode\extensions\redhat.java-1.51.0-win32-x64\jre\21.0.9-win32-x86_64\bin\nio.dll
Event: 0.227 Loaded shared library C:\Users\Khanh\.vscode\extensions\redhat.java-1.51.0-win32-x64\jre\21.0.9-win32-x86_64\bin\zip.dll
Event: 0.262 Loaded shared library C:\Users\Khanh\.vscode\extensions\redhat.java-1.51.0-win32-x64\jre\21.0.9-win32-x86_64\bin\jimage.dll
Event: 0.467 Loaded shared library c:\Users\Khanh\.vscode\extensions\redhat.java-1.51.0-win32-x64\jre\21.0.9-win32-x86_64\bin\verify.dll
Event: 3.387 Loaded shared library C:\Users\Khanh\AppData\Roaming\Code\User\globalStorage\redhat.java\1.51.0\config_win\org.eclipse.equinox.launcher\org.eclipse.equinox.launcher.win32.win32.x86_64_1.2.1400.v20250801-0854\eclipse_11916.dll
Event: 9.201 Loaded shared library C:\Users\Khanh\.vscode\extensions\redhat.java-1.51.0-win32-x64\jre\21.0.9-win32-x86_64\bin\management.dll
Event: 9.207 Loaded shared library C:\Users\Khanh\.vscode\extensions\redhat.java-1.51.0-win32-x64\jre\21.0.9-win32-x86_64\bin\management_ext.dll
Event: 12.778 Loaded shared library C:\Users\Khanh\AppData\Local\Temp\jna-72459070\jna6439544541280089764.dll
Event: 13.372 Loaded shared library C:\Users\Khanh\.vscode\extensions\redhat.java-1.51.0-win32-x64\jre\21.0.9-win32-x86_64\bin\sunmscapi.dll
Event: 13.467 Loaded shared library C:\Users\Khanh\.vscode\extensions\redhat.java-1.51.0-win32-x64\jre\21.0.9-win32-x86_64\bin\extnet.dll

Deoptimization events (20 events):
Event: 96173.026 Thread 0x0000017fe1579470 Uncommon trap: trap_request=0xfffffff4 fr.pc=0x0000017fcfc11558 relative=0x0000000000000138
Event: 96173.026 Thread 0x0000017fe1579470 Uncommon trap: reason=null_check action=make_not_entrant pc=0x0000017fcfc11558 method=org.eclipse.jdt.ls.core.internal.text.correction.CodeActionUtility.inferASTNode(Lorg/eclipse/jdt/core/dom/ASTNode;Ljava/lang/Class;)Lorg/eclipse/jdt/core/dom/ASTNode; @ 
Event: 96173.026 Thread 0x0000017fe1579470 DEOPT PACKING pc=0x0000017fcfc11558 sp=0x0000000d272fedc0
Event: 96173.026 Thread 0x0000017fe1579470 DEOPT UNPACKING pc=0x0000017fcf3f3aa2 sp=0x0000000d272fed48 mode 2
Event: 96173.688 Thread 0x0000017fe3a68310 Uncommon trap: trap_request=0xffffffde fr.pc=0x0000017fd04b550c relative=0x0000000000000f2c
Event: 96173.688 Thread 0x0000017fe3a68310 Uncommon trap: reason=class_check action=maybe_recompile pc=0x0000017fd04b550c method=org.eclipse.jdt.internal.compiler.lookup.InferenceContext18.forwardResults(Lorg/eclipse/jdt/internal/compiler/lookup/BoundSet;Lorg/eclipse/jdt/internal/compiler/ast/Invo
Event: 96173.688 Thread 0x0000017fe3a68310 DEOPT PACKING pc=0x0000017fd04b550c sp=0x0000000d29cfe700
Event: 96173.688 Thread 0x0000017fe3a68310 DEOPT UNPACKING pc=0x0000017fcf3f3aa2 sp=0x0000000d29cfe640 mode 2
Event: 96173.688 Thread 0x0000017fe3a68310 Uncommon trap: trap_request=0xffffffc6 fr.pc=0x0000017fd0d4d350 relative=0x00000000000009f0
Event: 96173.688 Thread 0x0000017fe3a68310 Uncommon trap: reason=bimorphic_or_optimized_type_check action=maybe_recompile pc=0x0000017fd0d4d350 method=org.eclipse.jdt.internal.compiler.lookup.Scope.computeCompatibleMethod(Lorg/eclipse/jdt/internal/compiler/lookup/MethodBinding;[Lorg/eclipse/jdt/in
Event: 96173.688 Thread 0x0000017fe3a68310 DEOPT PACKING pc=0x0000017fd0d4d350 sp=0x0000000d29cfe950
Event: 96173.688 Thread 0x0000017fe3a68310 DEOPT UNPACKING pc=0x0000017fcf3f3aa2 sp=0x0000000d29cfe8c0 mode 2
Event: 96173.688 Thread 0x0000017fe3a68310 Uncommon trap: trap_request=0xffffffde fr.pc=0x0000017fd00602b8 relative=0x0000000000000b58
Event: 96173.688 Thread 0x0000017fe3a68310 Uncommon trap: reason=class_check action=maybe_recompile pc=0x0000017fd00602b8 method=org.eclipse.jdt.internal.compiler.ast.ASTNode.resolvePolyExpressionArguments0(Lorg/eclipse/jdt/internal/compiler/ast/Invocation;Lorg/eclipse/jdt/internal/compiler/lookup
Event: 96173.688 Thread 0x0000017fe3a68310 DEOPT PACKING pc=0x0000017fd00602b8 sp=0x0000000d29cfea80
Event: 96173.688 Thread 0x0000017fe3a68310 DEOPT UNPACKING pc=0x0000017fcf3f3aa2 sp=0x0000000d29cfea10 mode 2
Event: 96255.911 Thread 0x0000017fe3a67c80 Uncommon trap: trap_request=0xffffff45 fr.pc=0x0000017fd0fd7b1c relative=0x00000000000007fc
Event: 96255.911 Thread 0x0000017fe3a67c80 Uncommon trap: reason=unstable_if action=reinterpret pc=0x0000017fd0fd7b1c method=java.util.concurrent.ForkJoinPool.awaitWork(Ljava/util/concurrent/ForkJoinPool$WorkQueue;)I @ 239 c2
Event: 96255.911 Thread 0x0000017fe3a67c80 DEOPT PACKING pc=0x0000017fd0fd7b1c sp=0x0000000d29aff540
Event: 96255.911 Thread 0x0000017fe3a67c80 DEOPT UNPACKING pc=0x0000017fcf3f3aa2 sp=0x0000000d29aff4d0 mode 2

Classes loaded (20 events):
Event: 96135.097 Loading class java/util/ArrayPrefixHelpers$IntCumulateTask
Event: 96135.097 Loading class java/util/ArrayPrefixHelpers$IntCumulateTask done
Event: 96135.137 Loading class java/util/PrimitiveIterator$OfInt
Event: 96135.137 Loading class java/util/PrimitiveIterator
Event: 96135.138 Loading class java/util/PrimitiveIterator done
Event: 96135.138 Loading class java/util/PrimitiveIterator$OfInt done
Event: 96135.138 Loading class java/util/function/ObjIntConsumer
Event: 96135.138 Loading class java/util/function/ObjIntConsumer done
Event: 96135.138 Loading class java/util/stream/IntStream$Builder
Event: 96135.138 Loading class java/util/stream/IntStream$Builder done
Event: 96135.138 Loading class java/util/function/IntSupplier
Event: 96135.138 Loading class java/util/function/IntSupplier done
Event: 96135.138 Loading class java/util/stream/IntStream$IntMapMultiConsumer
Event: 96135.138 Loading class java/util/stream/IntStream$IntMapMultiConsumer done
Event: 96135.138 Loading class java/util/OptionalDouble
Event: 96135.138 Loading class java/util/OptionalDouble done
Event: 96135.151 Loading class java/util/PrimitiveIterator$OfLong
Event: 96135.151 Loading class java/util/PrimitiveIterator$OfLong done
Event: 96135.151 Loading class java/util/PrimitiveIterator$OfDouble
Event: 96135.151 Loading class java/util/PrimitiveIterator$OfDouble done

Classes unloaded (20 events):
Event: 93782.249 Thread 0x0000017fdb6c14f0 Unloading class 0x0000017f818abc00 'java/lang/invoke/LambdaForm$MH+0x0000017f818abc00'
Event: 93782.249 Thread 0x0000017fdb6c14f0 Unloading class 0x0000017f818b1800 'java/lang/invoke/LambdaForm$MH+0x0000017f818b1800'
Event: 93782.249 Thread 0x0000017fdb6c14f0 Unloading class 0x0000017f818f3800 'java/lang/invoke/LambdaForm$MH+0x0000017f818f3800'
Event: 93782.249 Thread 0x0000017fdb6c14f0 Unloading class 0x0000017f818f5800 'java/lang/invoke/LambdaForm$MH+0x0000017f818f5800'
Event: 93782.249 Thread 0x0000017fdb6c14f0 Unloading class 0x0000017f818a1400 'java/lang/invoke/LambdaForm$MH+0x0000017f818a1400'
Event: 93782.249 Thread 0x0000017fdb6c14f0 Unloading class 0x0000017f81971800 'java/lang/invoke/LambdaForm$MH+0x0000017f81971800'
Event: 93782.249 Thread 0x0000017fdb6c14f0 Unloading class 0x0000017f81974400 'java/lang/invoke/LambdaForm$MH+0x0000017f81974400'
Event: 93782.249 Thread 0x0000017fdb6c14f0 Unloading class 0x0000017f819b9000 'java/lang/invoke/LambdaForm$MH+0x0000017f819b9000'
Event: 93782.249 Thread 0x0000017fdb6c14f0 Unloading class 0x0000017f81525000 'java/lang/invoke/LambdaForm$MH+0x0000017f81525000'
Event: 93782.249 Thread 0x0000017fdb6c14f0 Unloading class 0x0000017f813a2c00 'java/lang/invoke/LambdaForm$BMH+0x0000017f813a2c00'
Event: 93782.249 Thread 0x0000017fdb6c14f0 Unloading class 0x0000017f81211000 'java/lang/invoke/LambdaForm$MH+0x0000017f81211000'
Event: 93782.249 Thread 0x0000017fdb6c14f0 Unloading class 0x0000017f81128000 'java/lang/invoke/LambdaForm$MH+0x0000017f81128000'
Event: 93782.249 Thread 0x0000017fdb6c14f0 Unloading class 0x0000017f81019400 'java/lang/invoke/LambdaForm$MH+0x0000017f81019400'
Event: 93782.249 Thread 0x0000017fdb6c14f0 Unloading class 0x0000017f81018400 'java/lang/invoke/LambdaForm$MH+0x0000017f81018400'
Event: 93782.249 Thread 0x0000017fdb6c14f0 Unloading class 0x0000017f81018000 'java/lang/invoke/LambdaForm$MH+0x0000017f81018000'
Event: 93782.249 Thread 0x0000017fdb6c14f0 Unloading class 0x0000017f81017400 'java/lang/invoke/LambdaForm$MH+0x0000017f81017400'
Event: 93782.249 Thread 0x0000017fdb6c14f0 Unloading class 0x0000017f81016400 'java/lang/invoke/LambdaForm$MH+0x0000017f81016400'
Event: 93782.249 Thread 0x0000017fdb6c14f0 Unloading class 0x0000017f81014800 'java/lang/invoke/LambdaForm$MH+0x0000017f81014800'
Event: 93782.249 Thread 0x0000017fdb6c14f0 Unloading class 0x0000017f81000400 'java/lang/invoke/LambdaForm$MH+0x0000017f81000400'
Event: 96028.499 Thread 0x0000017fdb6c14f0 Unloading class 0x0000017f8188d000 'java/lang/invoke/LambdaForm$MH+0x0000017f8188d000'

Classes redefined (0 events):
No events

Internal exceptions (20 events):
Event: 96097.821 Thread 0x0000017fe3a67c80 Exception <a 'java/lang/ArrayIndexOutOfBoundsException'{0x00000000d5852cf8}: Index 1 out of bounds for length 1> (0x00000000d5852cf8) 
thrown [s\src\hotspot\share\interpreter\interpreterRuntime.cpp, line 439]
Event: 96097.821 Thread 0x0000017fe3a67c80 Exception <a 'java/lang/ArrayIndexOutOfBoundsException'{0x00000000d5853020}: Index 1 out of bounds for length 1> (0x00000000d5853020) 
thrown [s\src\hotspot\share\interpreter\interpreterRuntime.cpp, line 439]
Event: 96097.821 Thread 0x0000017fe3a67c80 Exception <a 'java/lang/ArrayIndexOutOfBoundsException'{0x00000000d5853348}: Index 1 out of bounds for length 1> (0x00000000d5853348) 
thrown [s\src\hotspot\share\interpreter\interpreterRuntime.cpp, line 439]
Event: 96105.423 Thread 0x0000017fe2289980 Exception <a 'sun/nio/fs/WindowsException'{0x00000000d5584ed0}> (0x00000000d5584ed0) 
thrown [s\src\hotspot\share\prims\jni.cpp, line 520]
Event: 96105.650 Thread 0x0000017fe2289980 Exception <a 'sun/nio/fs/WindowsException'{0x00000000d55e4698}> (0x00000000d55e4698) 
thrown [s\src\hotspot\share\prims\jni.cpp, line 520]
Event: 96113.905 Thread 0x0000017fe2289980 Exception <a 'sun/nio/fs/WindowsException'{0x00000000d56d8570}> (0x00000000d56d8570) 
thrown [s\src\hotspot\share\prims\jni.cpp, line 520]
Event: 96114.152 Thread 0x0000017fe2289980 Exception <a 'sun/nio/fs/WindowsException'{0x00000000d57aa420}> (0x00000000d57aa420) 
thrown [s\src\hotspot\share\prims\jni.cpp, line 520]
Event: 96135.416 Thread 0x0000017fe2289980 Exception <a 'sun/nio/fs/WindowsException'{0x00000000d55aa2e8}> (0x00000000d55aa2e8) 
thrown [s\src\hotspot\share\prims\jni.cpp, line 520]
Event: 96135.977 Thread 0x0000017fe2289980 Exception <a 'sun/nio/fs/WindowsException'{0x00000000d57c2f98}> (0x00000000d57c2f98) 
thrown [s\src\hotspot\share\prims\jni.cpp, line 520]
Event: 96138.519 Thread 0x0000017fe2289980 Exception <a 'sun/nio/fs/WindowsException'{0x00000000d56707f0}> (0x00000000d56707f0) 
thrown [s\src\hotspot\share\prims\jni.cpp, line 520]
Event: 96138.916 Thread 0x0000017fe2289980 Exception <a 'sun/nio/fs/WindowsException'{0x00000000d55e5a40}> (0x00000000d55e5a40) 
thrown [s\src\hotspot\share\prims\jni.cpp, line 520]
Event: 96147.507 Thread 0x0000017fe2289980 Exception <a 'sun/nio/fs/WindowsException'{0x00000000d5719750}> (0x00000000d5719750) 
thrown [s\src\hotspot\share\prims\jni.cpp, line 520]
Event: 96147.848 Thread 0x0000017fe2289980 Exception <a 'sun/nio/fs/WindowsException'{0x00000000d5974648}> (0x00000000d5974648) 
thrown [s\src\hotspot\share\prims\jni.cpp, line 520]
Event: 96157.130 Thread 0x0000017fe1579470 Implicit null exception at 0x0000017fd001ff40 to 0x0000017fd0021448
Event: 96161.750 Thread 0x0000017fe2289980 Exception <a 'sun/nio/fs/WindowsException'{0x00000000d5728bf0}> (0x00000000d5728bf0) 
thrown [s\src\hotspot\share\prims\jni.cpp, line 520]
Event: 96162.020 Thread 0x0000017fe2289980 Exception <a 'sun/nio/fs/WindowsException'{0x00000000d5a05b20}> (0x00000000d5a05b20) 
thrown [s\src\hotspot\share\prims\jni.cpp, line 520]
Event: 96174.009 Thread 0x0000017fe2289980 Exception <a 'sun/nio/fs/WindowsException'{0x00000000d5657358}> (0x00000000d5657358) 
thrown [s\src\hotspot\share\prims\jni.cpp, line 520]
Event: 96174.320 Thread 0x0000017fe2289980 Exception <a 'sun/nio/fs/WindowsException'{0x00000000d55e67f8}> (0x00000000d55e67f8) 
thrown [s\src\hotspot\share\prims\jni.cpp, line 520]
Event: 96318.193 Thread 0x0000017fe5f0b740 Exception <a 'sun/nio/fs/WindowsException'{0x00000000d562ee68}> (0x00000000d562ee68) 
thrown [s\src\hotspot\share\prims\jni.cpp, line 520]
Event: 96318.194 Thread 0x0000017fe5f0b740 Exception <a 'sun/nio/fs/WindowsException'{0x00000000d562fbe0}> (0x00000000d562fbe0) 
thrown [s\src\hotspot\share\prims\jni.cpp, line 520]

ZGC Phase Switch (0 events):
No events

VM Operations (20 events):
Event: 99011.562 Executing VM operation: HandshakeAllThreads (HandshakeForDeflation)
Event: 99011.562 Executing VM operation: HandshakeAllThreads (HandshakeForDeflation) done
Event: 99011.562 Executing VM operation: RendezvousGCThreads
Event: 99011.562 Executing VM operation: RendezvousGCThreads done
Event: 99372.458 Executing VM operation: HandshakeAllThreads (HandshakeForDeflation)
Event: 99372.458 Executing VM operation: HandshakeAllThreads (HandshakeForDeflation) done
Event: 99372.458 Executing VM operation: RendezvousGCThreads
Event: 99372.458 Executing VM operation: RendezvousGCThreads done
Event: 99552.844 Executing VM operation: HandshakeAllThreads (HandshakeForDeflation)
Event: 99552.844 Executing VM operation: HandshakeAllThreads (HandshakeForDeflation) done
Event: 99552.844 Executing VM operation: RendezvousGCThreads
Event: 99552.844 Executing VM operation: RendezvousGCThreads done
Event: 100274.864 Executing VM operation: HandshakeAllThreads (HandshakeForDeflation)
Event: 100274.864 Executing VM operation: HandshakeAllThreads (HandshakeForDeflation) done
Event: 100274.864 Executing VM operation: RendezvousGCThreads
Event: 100274.864 Executing VM operation: RendezvousGCThreads done
Event: 101116.735 Executing VM operation: HandshakeAllThreads (HandshakeForDeflation)
Event: 101116.735 Executing VM operation: HandshakeAllThreads (HandshakeForDeflation) done
Event: 101116.735 Executing VM operation: RendezvousGCThreads
Event: 101116.735 Executing VM operation: RendezvousGCThreads done

Memory protections (0 events):
No events

Nmethod flushes (20 events):
Event: 96043.555 Thread 0x0000017fdb6c14f0 flushing  nmethod 0x0000017fcb62c090
Event: 96043.555 Thread 0x0000017fdb6c14f0 flushing  nmethod 0x0000017fcb62d690
Event: 96043.555 Thread 0x0000017fdb6c14f0 flushing  nmethod 0x0000017fcb62dc10
Event: 96043.555 Thread 0x0000017fdb6c14f0 flushing  nmethod 0x0000017fcb62e610
Event: 96043.555 Thread 0x0000017fdb6c14f0 flushing  nmethod 0x0000017fcb62eb90
Event: 96043.555 Thread 0x0000017fdb6c14f0 flushing  nmethod 0x0000017fcb62fe90
Event: 96043.555 Thread 0x0000017fdb6c14f0 flushing  nmethod 0x0000017fcb645b90
Event: 96043.555 Thread 0x0000017fdb6c14f0 flushing  nmethod 0x0000017fcb64ca90
Event: 96043.555 Thread 0x0000017fdb6c14f0 flushing  nmethod 0x0000017fcb64d910
Event: 96043.555 Thread 0x0000017fdb6c14f0 flushing  nmethod 0x0000017fcb66bf90
Event: 96043.555 Thread 0x0000017fdb6c14f0 flushing  nmethod 0x0000017fcb68ef10
Event: 96043.555 Thread 0x0000017fdb6c14f0 flushing  nmethod 0x0000017fcb693290
Event: 96043.555 Thread 0x0000017fdb6c14f0 flushing  nmethod 0x0000017fcb6e0910
Event: 96043.555 Thread 0x0000017fdb6c14f0 flushing  nmethod 0x0000017fcb78cf90
Event: 96043.555 Thread 0x0000017fdb6c14f0 flushing  nmethod 0x0000017fcb7b7690
Event: 96043.555 Thread 0x0000017fdb6c14f0 flushing  nmethod 0x0000017fcb7d6c10
Event: 96043.555 Thread 0x0000017fdb6c14f0 flushing  nmethod 0x0000017fcb7dd090
Event: 96043.555 Thread 0x0000017fdb6c14f0 flushing  nmethod 0x0000017fcb7e8510
Event: 96043.555 Thread 0x0000017fdb6c14f0 flushing  nmethod 0x0000017fcb7e9090
Event: 96043.555 Thread 0x0000017fdb6c14f0 flushing  nmethod 0x0000017fcb80e390

Events (20 events):
Event: 96241.028 Thread 0x0000017fe3a69030 Thread exited: 0x0000017fe3a69030
Event: 96255.911 Thread 0x0000017fe3a68310 Thread exited: 0x0000017fe3a68310
Event: 96315.925 Thread 0x0000017fe3a67c80 Thread exited: 0x0000017fe3a67c80
Event: 96318.197 Thread 0x0000017fe5f0b740 Thread added: 0x0000017fe228ce00
Event: 96318.197 Thread 0x0000017fe228ce00 Thread exited: 0x0000017fe228ce00
Event: 96318.203 Thread 0x0000017fe5f0b740 Thread added: 0x0000017fe228ce00
Event: 96318.204 Thread 0x0000017fe228ce00 Thread exited: 0x0000017fe228ce00
Event: 96375.925 Thread 0x0000017fe1579470 Thread exited: 0x0000017fe1579470
Event: 96435.931 Thread 0x0000017fe1573200 Thread exited: 0x0000017fe1573200
Event: 96447.675 Thread 0x0000017fe407f360 Thread exited: 0x0000017fe407f360
Event: 96461.922 Thread 0x0000017fe4080080 Thread exited: 0x0000017fe4080080
Event: 96461.954 Thread 0x0000017fe40790f0 Thread exited: 0x0000017fe40790f0
Event: 96461.954 Thread 0x0000017fe4080710 Thread exited: 0x0000017fe4080710
Event: 96461.954 Thread 0x0000017fe4079e10 Thread exited: 0x0000017fe4079e10
Event: 96474.174 Thread 0x0000017fe15780c0 Thread exited: 0x0000017fe15780c0
Event: 96495.937 Thread 0x0000017fe1578750 Thread exited: 0x0000017fe1578750
Event: 96555.950 Thread 0x0000017fe1573f20 Thread exited: 0x0000017fe1573f20
Event: 96615.954 Thread 0x0000017fe1575ff0 Thread exited: 0x0000017fe1575ff0
Event: 100253.002 Thread 0x0000017fe407e640 Thread added: 0x0000017fe228ce00
Event: 100313.043 Thread 0x0000017fe228ce00 Thread exited: 0x0000017fe228ce00


Dynamic libraries:
0x00007ff721ed0000 - 0x00007ff721ede000 	c:\Users\Khanh\.vscode\extensions\redhat.java-1.51.0-win32-x64\jre\21.0.9-win32-x86_64\bin\java.exe
0x00007ffc86590000 - 0x00007ffc86788000 	C:\WINDOWS\SYSTEM32\ntdll.dll
0x00007ffc84840000 - 0x00007ffc84902000 	C:\WINDOWS\System32\KERNEL32.DLL
0x00007ffc83e90000 - 0x00007ffc8418f000 	C:\WINDOWS\System32\KERNELBASE.dll
0x00007ffc842b0000 - 0x00007ffc843b0000 	C:\WINDOWS\System32\ucrtbase.dll
0x00007ffc7b1d0000 - 0x00007ffc7b1e8000 	c:\Users\Khanh\.vscode\extensions\redhat.java-1.51.0-win32-x64\jre\21.0.9-win32-x86_64\bin\jli.dll
0x00007ffc7b130000 - 0x00007ffc7b14e000 	c:\Users\Khanh\.vscode\extensions\redhat.java-1.51.0-win32-x64\jre\21.0.9-win32-x86_64\bin\VCRUNTIME140.dll
0x00007ffc86180000 - 0x00007ffc8631d000 	C:\WINDOWS\System32\USER32.dll
0x00007ffc83dc0000 - 0x00007ffc83de2000 	C:\WINDOWS\System32\win32u.dll
0x00007ffc6ee70000 - 0x00007ffc6f10a000 	C:\WINDOWS\WinSxS\amd64_microsoft.windows.common-controls_6595b64144ccf1df_6.0.19041.4355_none_60b8b9eb71f62e16\COMCTL32.dll
0x00007ffc864b0000 - 0x00007ffc8654e000 	C:\WINDOWS\System32\msvcrt.dll
0x00007ffc84d80000 - 0x00007ffc84dab000 	C:\WINDOWS\System32\GDI32.dll
0x00007ffc84490000 - 0x00007ffc845aa000 	C:\WINDOWS\System32\gdi32full.dll
0x00007ffc83df0000 - 0x00007ffc83e8d000 	C:\WINDOWS\System32\msvcp_win.dll
0x00007ffc846e0000 - 0x00007ffc8470f000 	C:\WINDOWS\System32\IMM32.DLL
0x00007ffc7b330000 - 0x00007ffc7b33c000 	c:\Users\Khanh\.vscode\extensions\redhat.java-1.51.0-win32-x64\jre\21.0.9-win32-x86_64\bin\vcruntime140_1.dll
0x00007ffc463e0000 - 0x00007ffc4646d000 	c:\Users\Khanh\.vscode\extensions\redhat.java-1.51.0-win32-x64\jre\21.0.9-win32-x86_64\bin\msvcp140.dll
0x00007ffbcad80000 - 0x00007ffbcbb20000 	c:\Users\Khanh\.vscode\extensions\redhat.java-1.51.0-win32-x64\jre\21.0.9-win32-x86_64\bin\server\jvm.dll
0x00007ffc86320000 - 0x00007ffc863cf000 	C:\WINDOWS\System32\ADVAPI32.dll
0x00007ffc84710000 - 0x00007ffc847af000 	C:\WINDOWS\System32\sechost.dll
0x00007ffc845b0000 - 0x00007ffc846d3000 	C:\WINDOWS\System32\RPCRT4.dll
0x00007ffc83d90000 - 0x00007ffc83db7000 	C:\WINDOWS\System32\bcrypt.dll
0x00007ffc85420000 - 0x00007ffc8548b000 	C:\WINDOWS\System32\WS2_32.dll
0x00007ffc83310000 - 0x00007ffc8335b000 	C:\WINDOWS\SYSTEM32\POWRPROF.dll
0x00007ffc70750000 - 0x00007ffc70777000 	C:\WINDOWS\SYSTEM32\WINMM.dll
0x00007ffc7d880000 - 0x00007ffc7d88a000 	C:\WINDOWS\SYSTEM32\VERSION.dll
0x00007ffc832f0000 - 0x00007ffc83302000 	C:\WINDOWS\SYSTEM32\UMPDC.dll
0x00007ffc81c50000 - 0x00007ffc81c62000 	C:\WINDOWS\SYSTEM32\kernel.appcore.dll
0x00007ffc7b2a0000 - 0x00007ffc7b2aa000 	c:\Users\Khanh\.vscode\extensions\redhat.java-1.51.0-win32-x64\jre\21.0.9-win32-x86_64\bin\jimage.dll
0x00007ffc817f0000 - 0x00007ffc819d4000 	C:\WINDOWS\SYSTEM32\DBGHELP.DLL
0x00007ffc77920000 - 0x00007ffc77954000 	C:\WINDOWS\SYSTEM32\dbgcore.DLL
0x00007ffc84400000 - 0x00007ffc84482000 	C:\WINDOWS\System32\bcryptPrimitives.dll
0x00007ffc7b220000 - 0x00007ffc7b22f000 	c:\Users\Khanh\.vscode\extensions\redhat.java-1.51.0-win32-x64\jre\21.0.9-win32-x86_64\bin\instrument.dll
0x00007ffc6dde0000 - 0x00007ffc6de00000 	c:\Users\Khanh\.vscode\extensions\redhat.java-1.51.0-win32-x64\jre\21.0.9-win32-x86_64\bin\java.dll
0x00007ffc85740000 - 0x00007ffc85ead000 	C:\WINDOWS\System32\SHELL32.dll
0x00007ffc81c70000 - 0x00007ffc82414000 	C:\WINDOWS\SYSTEM32\windows.storage.dll
0x00007ffc849c0000 - 0x00007ffc84d15000 	C:\WINDOWS\System32\combase.dll
0x00007ffc83600000 - 0x00007ffc8362b000 	C:\WINDOWS\SYSTEM32\Wldp.dll
0x00007ffc85f30000 - 0x00007ffc85ffd000 	C:\WINDOWS\System32\OLEAUT32.dll
0x00007ffc84910000 - 0x00007ffc849bd000 	C:\WINDOWS\System32\SHCORE.dll
0x00007ffc856e0000 - 0x00007ffc85735000 	C:\WINDOWS\System32\shlwapi.dll
0x00007ffc83b60000 - 0x00007ffc83b85000 	C:\WINDOWS\SYSTEM32\profapi.dll
0x00007ffc64e60000 - 0x00007ffc64e78000 	c:\Users\Khanh\.vscode\extensions\redhat.java-1.51.0-win32-x64\jre\21.0.9-win32-x86_64\bin\zip.dll
0x00007ffc6f500000 - 0x00007ffc6f510000 	C:\Users\Khanh\.vscode\extensions\redhat.java-1.51.0-win32-x64\jre\21.0.9-win32-x86_64\bin\net.dll
0x00007ffc7ac30000 - 0x00007ffc7ad3a000 	C:\WINDOWS\SYSTEM32\WINHTTP.dll
0x00007ffc83360000 - 0x00007ffc833cc000 	C:\WINDOWS\system32\mswsock.dll
0x00007ffc63a70000 - 0x00007ffc63a86000 	C:\Users\Khanh\.vscode\extensions\redhat.java-1.51.0-win32-x64\jre\21.0.9-win32-x86_64\bin\nio.dll
0x00007ffc6c320000 - 0x00007ffc6c330000 	c:\Users\Khanh\.vscode\extensions\redhat.java-1.51.0-win32-x64\jre\21.0.9-win32-x86_64\bin\verify.dll
0x00007ffc48920000 - 0x00007ffc48964000 	C:\Users\Khanh\AppData\Roaming\Code\User\globalStorage\redhat.java\1.51.0\config_win\org.eclipse.equinox.launcher\org.eclipse.equinox.launcher.win32.win32.x86_64_1.2.1400.v20250801-0854\eclipse_11916.dll
0x00007ffc85490000 - 0x00007ffc855bb000 	C:\WINDOWS\System32\ole32.dll
0x00007ffc64f50000 - 0x00007ffc64f5a000 	C:\Users\Khanh\.vscode\extensions\redhat.java-1.51.0-win32-x64\jre\21.0.9-win32-x86_64\bin\management.dll
0x00007ffc64e50000 - 0x00007ffc64e5c000 	C:\Users\Khanh\.vscode\extensions\redhat.java-1.51.0-win32-x64\jre\21.0.9-win32-x86_64\bin\management_ext.dll
0x00007ffc86170000 - 0x00007ffc86178000 	C:\WINDOWS\System32\PSAPI.DLL
0x00007ffc83540000 - 0x00007ffc83558000 	C:\WINDOWS\SYSTEM32\CRYPTSP.dll
0x00007ffc82bd0000 - 0x00007ffc82c08000 	C:\WINDOWS\system32\rsaenh.dll
0x00007ffc83ae0000 - 0x00007ffc83b0e000 	C:\WINDOWS\SYSTEM32\USERENV.dll
0x00007ffc83500000 - 0x00007ffc8350c000 	C:\WINDOWS\SYSTEM32\CRYPTBASE.dll
0x00007ffc82ff0000 - 0x00007ffc8302b000 	C:\WINDOWS\SYSTEM32\IPHLPAPI.DLL
0x00007ffc84db0000 - 0x00007ffc84db8000 	C:\WINDOWS\System32\NSI.dll
0x00007ffc46540000 - 0x00007ffc46589000 	C:\Users\Khanh\AppData\Local\Temp\jna-72459070\jna6439544541280089764.dll
0x00007ffc7cdf0000 - 0x00007ffc7ce07000 	C:\WINDOWS\SYSTEM32\dhcpcsvc6.DLL
0x00007ffc7cdd0000 - 0x00007ffc7cded000 	C:\WINDOWS\SYSTEM32\dhcpcsvc.DLL
0x00007ffc64e30000 - 0x00007ffc64e3e000 	C:\Users\Khanh\.vscode\extensions\redhat.java-1.51.0-win32-x64\jre\21.0.9-win32-x86_64\bin\sunmscapi.dll
0x00007ffc83c30000 - 0x00007ffc83d8c000 	C:\WINDOWS\System32\CRYPT32.dll
0x00007ffc836b0000 - 0x00007ffc836d7000 	C:\WINDOWS\SYSTEM32\ncrypt.dll
0x00007ffc83670000 - 0x00007ffc836ab000 	C:\WINDOWS\SYSTEM32\NTASN1.dll
0x00007ffc83080000 - 0x00007ffc8314a000 	C:\WINDOWS\SYSTEM32\DNSAPI.dll
0x000000006a970000 - 0x000000006a996000 	C:\Program Files\Bonjour\mdnsNSP.dll
0x00007ffc775a0000 - 0x00007ffc775aa000 	C:\Windows\System32\rasadhlp.dll
0x00007ffc76530000 - 0x00007ffc765b0000 	C:\WINDOWS\System32\fwpuclnt.dll
0x00007ffc63f30000 - 0x00007ffc63f39000 	C:\Users\Khanh\.vscode\extensions\redhat.java-1.51.0-win32-x64\jre\21.0.9-win32-x86_64\bin\extnet.dll

JVMTI agents:
c:\Users\Khanh\.vscode\extensions\redhat.java-1.51.0-win32-x64\lombok\lombok-1.18.39-4050.jar path:c:\Users\Khanh\.vscode\extensions\redhat.java-1.51.0-win32-x64\jre\21.0.9-win32-x86_64\bin\instrument.dll, loaded, initialized, instrumentlib options:none

dbghelp: loaded successfully - version: 4.0.5 - missing functions: none
symbol engine: initialized successfully - sym options: 0x614 - pdb path: .;c:\Users\Khanh\.vscode\extensions\redhat.java-1.51.0-win32-x64\jre\21.0.9-win32-x86_64\bin;C:\WINDOWS\SYSTEM32;C:\WINDOWS\WinSxS\amd64_microsoft.windows.common-controls_6595b64144ccf1df_6.0.19041.4355_none_60b8b9eb71f62e16;c:\Users\Khanh\.vscode\extensions\redhat.java-1.51.0-win32-x64\jre\21.0.9-win32-x86_64\bin\server;C:\Users\Khanh\AppData\Roaming\Code\User\globalStorage\redhat.java\1.51.0\config_win\org.eclipse.equinox.launcher\org.eclipse.equinox.launcher.win32.win32.x86_64_1.2.1400.v20250801-0854;C:\Users\Khanh\AppData\Local\Temp\jna-72459070;C:\Program Files\Bonjour

VM Arguments:
jvm_args: --add-modules=ALL-SYSTEM --add-opens=java.base/java.util=ALL-UNNAMED --add-opens=java.base/java.lang=ALL-UNNAMED --add-opens=java.base/sun.nio.fs=ALL-UNNAMED -Declipse.application=org.eclipse.jdt.ls.core.id1 -Dosgi.bundles.defaultStartLevel=4 -Declipse.product=org.eclipse.jdt.ls.core.product -Djava.import.generatesMetadataFilesAtProjectRoot=false -DDetectVMInstallationsJob.disabled=true -Dfile.encoding=utf8 -XX:+UseParallelGC -XX:GCTimeRatio=4 -XX:AdaptiveSizePolicyWeight=90 -Dsun.zip.disableMemoryMapping=true -Xmx2G -Xms100m -Xlog:disable -javaagent:c:\Users\Khanh\.vscode\extensions\redhat.java-1.51.0-win32-x64\lombok\lombok-1.18.39-4050.jar -XX:+HeapDumpOnOutOfMemoryError -XX:HeapDumpPath=c:\Users\Khanh\AppData\Roaming\Code\User\workspaceStorage\28f1a9b20033832c5e8c2e7cddda82f5\redhat.java -Daether.dependencyCollector.impl=bf 
java_command: c:\Users\Khanh\.vscode\extensions\redhat.java-1.51.0-win32-x64\server\plugins\org.eclipse.equinox.launcher_1.7.100.v20251111-0406.jar -configuration c:\Users\Khanh\AppData\Roaming\Code\User\globalStorage\redhat.java\1.51.0\config_win -data c:\Users\Khanh\AppData\Roaming\Code\User\workspaceStorage\28f1a9b20033832c5e8c2e7cddda82f5\redhat.java\jdt_ws --pipe=\\.\pipe\lsp-81ce06321cf73fc095f3ca22536e73a7-sock
java_class_path (initial): c:\Users\Khanh\.vscode\extensions\redhat.java-1.51.0-win32-x64\server\plugins\org.eclipse.equinox.launcher_1.7.100.v20251111-0406.jar
Launcher Type: SUN_STANDARD

[Global flags]
    uintx AdaptiveSizePolicyWeight                 = 90                                        {product} {command line}
     intx CICompilerCount                          = 4                                         {product} {ergonomic}
    uintx GCTimeRatio                              = 4                                         {product} {command line}
     bool HeapDumpOnOutOfMemoryError               = true                                   {manageable} {command line}
    ccstr HeapDumpPath                             = c:\Users\Khanh\AppData\Roaming\Code\User\workspaceStorage\28f1a9b20033832c5e8c2e7cddda82f5\redhat.java         {manageable} {command line}
   size_t InitialHeapSize                          = 104857600                                 {product} {command line}
   size_t MaxHeapSize                              = 2147483648                                {product} {command line}
   size_t MaxNewSize                               = 715653120                                 {product} {ergonomic}
   size_t MinHeapDeltaBytes                        = 524288                                    {product} {ergonomic}
   size_t MinHeapSize                              = 104857600                                 {product} {command line}
   size_t NewSize                                  = 34603008                                  {product} {ergonomic}
    uintx NonNMethodCodeHeapSize                   = 5839372                                {pd product} {ergonomic}
    uintx NonProfiledCodeHeapSize                  = 122909434                              {pd product} {ergonomic}
   size_t OldSize                                  = 70254592                                  {product} {ergonomic}
    uintx ProfiledCodeHeapSize                     = 122909434                              {pd product} {ergonomic}
    uintx ReservedCodeCacheSize                    = 251658240                              {pd product} {ergonomic}
     bool SegmentedCodeCache                       = true                                      {product} {ergonomic}
   size_t SoftMaxHeapSize                          = 2147483648                             {manageable} {ergonomic}
     bool UseCompressedOops                        = true                           {product lp64_product} {ergonomic}
     bool UseLargePagesIndividualAllocation        = false                                  {pd product} {ergonomic}
     bool UseParallelGC                            = true                                      {product} {command line}

Logging:
Log output configuration:
 #0: stdout all=off uptime,level,tags foldmultilines=false
 #1: stderr all=off uptime,level,tags foldmultilines=false

Release file:
JAVA_VERSION="21.0.9" 
MODULES="java.base java.compiler java.datatransfer java.xml java.prefs java.desktop java.instrument java.logging java.management java.security.sasl java.naming java.rmi java.management.rmi java.net.http java.scripting java.security.jgss java.transaction.xa java.sql java.sql.rowset java.xml.crypto java.se java.smartcardio jdk.accessibility jdk.internal.jvmstat jdk.attach jdk.charsets jdk.internal.opt jdk.zipfs jdk.compiler jdk.crypto.ec jdk.crypto.cryptoki jdk.crypto.mscapi jdk.dynalink jdk.internal.ed jdk.editpad jdk.hotspot.agent jdk.httpserver jdk.internal.le jdk.internal.vm.ci jdk.internal.vm.compiler jdk.internal.vm.compiler.management jdk.jartool jdk.javadoc jdk.jcmd jdk.management jdk.management.agent jdk.jconsole jdk.jdeps jdk.jdwp.agent jdk.jdi jdk.jfr jdk.jshell jdk.jsobject jdk.jstatd jdk.localedata jdk.management.jfr jdk.naming.dns jdk.naming.rmi jdk.net jdk.nio.mapmode jdk.random jdk.sctp jdk.security.auth jdk.security.jgss jdk.unsupported jdk.unsupported.desktop jdk.xml.dom" 

Environment Variables:
JAVA_HOME=C:\Program Files\Eclipse Adoptium\jdk-21.0.8.9-hotspot
PATH=D:\Apps\VMWare\bin\;C:\Program Files\Eclipse Adoptium\jdk-21.0.8.9-hotspot\bin;C:\Program Files\Common Files\Oracle\Java\javapath;C:\Program Files (x86)\Common Files\Oracle\Java\java8path;C:\Program Files (x86)\Common Files\Oracle\Java\javapath;C:\Program Files (x86)\NVIDIA Corporation\PhysX\Common;D:\Apps\Abaqus\SIMULIA\Commands;C:\Program Files\Microsoft MPI\Bin\;C:\Windows\system32;C:\Windows;C:\Windows\System32\Wbem;C:\Windows\System32\WindowsPowerShell\v1.0\;C:\Windows\System32\OpenSSH\;D:\Apps\New folder\runtime\win64;D:\Apps\New folder\bin;C:\Program Files (x86)\Intel\Intel(R) Management Engine Components\DAL;C:\Program Files\Intel\Intel(R) Management Engine Components\DAL;C:\Program Files\Microsoft SQL Server\120\Tools\Binn\;C:\WINDOWS\system32;C:\WINDOWS;C:\WINDOWS\System32\Wbem;C:\WINDOWS\System32\WindowsPowerShell\v1.0\;C:\WINDOWS\System32\OpenSSH\;C:\Program Files\Microsoft SQL Server\Client SDK\ODBC\110\Tools\Binn\;C:\Program Files (x86)\Microsoft SQL Server\120\Tools\Binn\;C:\Program Files\Microsoft SQL Server\120\DTS\Binn\;C:\Program Files (x86)\Windows Kits\8.1\Windows Performance Toolkit\;D:\Apps\NX12\NX Sieme\CAPITALINTEGRATION\capitalnxremote\;C:\Program Files (x86)\Microsoft SQL Server\160\DTS\Binn\;C:\Program Files (x86)\Microsoft SQL Server\160\Tools\Binn\;C:\Program Files\Microsoft SQL Server\160\Tools\Binn\;C:\Program Files\Microsoft SQL Server\Client SDK\ODBC\170\Tools\Binn\;C:\Program Files\Microsoft SQL Server\160\DTS\Binn\;C:\Program Files\dotnet\;C:\Program Files\Intel\WiFi\bin\;C:\Program Files\Common Files\Intel\WirelessCommon\;C:\Program Files\NVIDIA Corporation\NVIDIA app\NvDLISR;C:\Program Files\Git\cmd;D:\Apps\NodeJs\;C:\Program Files\Cloudflare\Cloudflare WARP\;C:\Program Files\MySQL\MySQL Shell 8.0\bin\;C:\Users\Khanh\AppData\Local\Programs\Python\Launcher\;C:\Users\Khanh\AppData\Local\Microsoft\WindowsApps;D:\Apps\Microsoft VS Code\bin;C:\Users\Khanh\AppData\Local\GitHubDesktop\bin;C:\Users\Khanh\AppData\Local\Packages\PythonSoftwareFoundation.Python.3.13_qbz5n2kfra8p0\LocalCache\local-packages\Python313\Scripts;D:\Apps\Nmap;D:\Apps\IntelliJ IDEA 2025.2.1\bin;D:\Apps\DataGrip 2025.2.2\bin;C:\Users\Khanh\AppData\Roaming\npm
USERNAME=Khanh
OS=Windows_NT
PROCESSOR_IDENTIFIER=Intel64 Family 6 Model 158 Stepping 9, GenuineIntel
TMP=C:\Users\Khanh\AppData\Local\Temp
TEMP=C:\Users\Khanh\AppData\Local\Temp




Periodic native trim disabled

---------------  S Y S T E M  ---------------

OS:
 Windows 10 , 64 bit Build 19041 (10.0.19041.5438)
OS uptime: 12 days 9:33 hours
Hyper-V role detected

CPU: total 8 (initial active 8) (4 cores per cpu, 2 threads per core) family 6 model 158 stepping 9 microcode 0xb4, cx8, cmov, fxsr, ht, mmx, 3dnowpref, sse, sse2, sse3, ssse3, sse4.1, sse4.2, popcnt, lzcnt, tsc, tscinvbit, avx, avx2, aes, erms, clmul, bmi1, bmi2, adx, fma, vzeroupper, clflush, clflushopt, hv, rdtscp, f16c
Processor Information for the first 8 processors :
  Max Mhz: 2801, Current Mhz: 2800, Mhz Limit: 2772

Memory: 4k page, system-wide physical 16245M (3018M free)
TotalPageFile size 30307M (AvailPageFile size 9M)
current process WorkingSet (physical memory assigned to process): 52M, peak: 1718M
current process commit charge ("private bytes"): 1598M, peak: 1825M

vm_info: OpenJDK 64-Bit Server VM (21.0.9+10-LTS) for windows-amd64 JRE (21.0.9+10-LTS), built on 2025-10-21T00:00:00Z by "admin" with unknown MS VC++:1942

END.
